<?xml version="1.0" encoding="UTF-8"?>
<!-- Generated by org.testng.reporters.JUnitReportReporter -->
<testsuite hostname="LAPTOP-668BP5IR" failures="0" tests="2" name="page1.SearchTest" time="0.004" errors="0" timestamp="2023-05-08T11:43:39 IST" skipped="0">
  <testcase classname="page1.SearchTest" name="searchValidProduct" time="0.002"/>
  <system-out/>
  <testcase classname="page1.SearchTest" name="searchInvalidProduct" time="0.002"/>
  <system-out/>
</testsuite> <!-- page1.SearchTest -->
