<?xml version="1.0" encoding="UTF-8"?>
<!-- Generated by org.testng.reporters.JUnitReportReporter -->
<testsuite hostname="LAPTOP-668BP5IR" failures="0" tests="2" name="page2.Sample3" time="0.010" errors="0" timestamp="2023-04-06T09:27:20 IST" skipped="0">
  <testcase classname="page2.Sample3" name="test1" time="0.007"/>
  <system-out/>
  <testcase classname="page2.Sample3" name="test2" time="0.003"/>
  <system-out/>
</testsuite> <!-- page2.Sample3 -->
