<?xml version="1.0" encoding="UTF-8"?>
<!-- Generated by org.testng.reporters.JUnitReportReporter -->
<testsuite hostname="LAPTOP-668BP5IR" failures="0" tests="1" name="com.extentreport.UsaMap" time="18.222" errors="0" timestamp="2023-02-13T17:08:34 IST" skipped="0">
  <testcase classname="com.extentreport.UsaMap" name="california" time="18.222"/>
  <system-out/>
</testsuite> <!-- com.extentreport.UsaMap -->
