<?xml version="1.0" encoding="UTF-8"?>
<!-- Generated by org.testng.reporters.JUnitReportReporter -->
<testsuite hostname="LAPTOP-668BP5IR" failures="0" tests="2" name="com.kts.testcases.Sample1" time="11.869" errors="0" timestamp="2023-04-08T14:42:22 IST" skipped="0">
  <testcase classname="com.kts.testcases.Sample1" name="test2" time="5.893"/>
  <system-out/>
  <testcase classname="com.kts.testcases.Sample1" name="test1" time="5.976"/>
  <system-out/>
</testsuite> <!-- com.kts.testcases.Sample1 -->
