<?xml version="1.0" encoding="UTF-8"?>
<!-- Generated by org.testng.reporters.JUnitReportReporter -->
<testsuite hostname="LAPTOP-668BP5IR" failures="0" tests="3" name="page1.Sample1" time="0.024" errors="0" timestamp="2023-03-25T20:54:50 IST" skipped="0">
  <testcase classname="page1.Sample1" name="test2" time="0.014"/>
  <system-out/>
  <testcase classname="page1.Sample1" name="test3" time="0.004"/>
  <system-out/>
  <testcase classname="page1.Sample1" name="test1" time="0.006"/>
  <system-out/>
</testsuite> <!-- page1.Sample1 -->
