<?xml version="1.0" encoding="UTF-8"?>
<!-- Generated by org.testng.reporters.JUnitReportReporter -->
<testsuite hostname="LAPTOP-668BP5IR" failures="0" tests="4" name="page1.RegisterTest" time="0.009" errors="0" timestamp="2023-05-08T11:43:39 IST" skipped="0">
  <testcase classname="page1.RegisterTest" name="registerWithOutAnyCredential" time="0.001"/>
  <system-out/>
  <testcase classname="page1.RegisterTest" name="registerWithInvalidCradential" time="0.002"/>
  <system-out/>
  <testcase classname="page1.RegisterTest" name="registerWithValidCredential" time="0.004"/>
  <system-out/>
  <testcase classname="page1.RegisterTest" name="registerWithAOutAnyCredential" time="0.002"/>
  <system-out/>
</testsuite> <!-- page1.RegisterTest -->
