<?xml version="1.0" encoding="UTF-8"?>
<!-- Generated by org.testng.reporters.JUnitReportReporter -->
<testsuite hostname="LAPTOP-668BP5IR" failures="0" tests="2" name="com.kts.testcases.Sample" time="9.117" errors="0" timestamp="2023-04-08T14:42:22 IST" skipped="0">
  <testcase classname="com.kts.testcases.Sample" name="test1" time="4.550"/>
  <system-out/>
  <testcase classname="com.kts.testcases.Sample" name="test2" time="4.567"/>
  <system-out/>
</testsuite> <!-- com.kts.testcases.Sample -->
