<?xml version="1.0" encoding="UTF-8"?>
<!-- Generated by org.testng.reporters.JUnitReportReporter -->
<testsuite hostname="LAPTOP-668BP5IR" failures="0" tests="2" name="page1.Sample2" time="0.004" errors="0" timestamp="2023-02-11T16:40:02 IST" skipped="0">
  <testcase classname="page1.Sample2" name="test1" time="0.003"/>
  <system-out/>
  <testcase classname="page1.Sample2" name="test3" time="0.001"/>
  <system-out/>
</testsuite> <!-- page1.Sample2 -->
