<?xml version="1.0" encoding="UTF-8"?>
<!-- Generated by org.testng.reporters.JUnitReportReporter -->
<testsuite hostname="LAPTOP-668BP5IR" failures="0" tests="3" name="page1.LoginTest" time="0.013" errors="0" timestamp="2023-05-08T11:43:39 IST" skipped="0">
  <testcase classname="page1.LoginTest" name="loginWithOutAnyCredential" time="0.010"/>
  <system-out/>
  <testcase classname="page1.LoginTest" name="loginWithValidCredential" time="0.002"/>
  <system-out/>
  <testcase classname="page1.LoginTest" name="loginWithInvalidCredential" time="0.001"/>
  <system-out/>
</testsuite> <!-- page1.LoginTest -->
