<?xml version="1.0" encoding="UTF-8"?>
<!-- Generated by org.testng.reporters.JUnitReportReporter -->
<testsuite hostname="LAPTOP-668BP5IR" failures="0" tests="2" name="com.extentreport.SampleTest" time="2.879" errors="0" timestamp="2023-04-03T13:34:49 IST" skipped="0">
  <testcase classname="com.extentreport.SampleTest" name="test2" time="2.638"/>
  <system-out/>
  <testcase classname="com.extentreport.SampleTest" name="test1" time="0.241"/>
  <system-out/>
</testsuite> <!-- com.extentreport.SampleTest -->
