<?xml version="1.0" encoding="UTF-8"?>
<!-- Generated by org.testng.reporters.JUnitReportReporter -->
<testsuite hostname="LAPTOP-668BP5IR" failures="0" tests="1" name="demoqa.DemoqaTest" time="8.293" errors="0" timestamp="2023-05-06T14:19:29 IST" skipped="0">
  <testcase classname="demoqa.DemoqaTest" name="test3" time="8.293"/>
  <system-out/>
</testsuite> <!-- demoqa.DemoqaTest -->
